\BOOKMARK [0][]{chapter*.1}{\376\377\201\364\214\042}{}% 1
\BOOKMARK [0][]{chapter*.2}{\376\377\144\130\211\201}{}% 2
\BOOKMARK [0][]{chapter*.3}{\376\377\000A\000b\000s\000t\000r\000a\000c\000t}{}% 3
\BOOKMARK [0][]{chapter*.4}{\376\377\136\217\212\000}{}% 4
\BOOKMARK [0][]{chapter*.5}{\376\377\210\150\150\074\156\005\123\125}{}% 5
\BOOKMARK [0][]{chapter*.6}{\376\377\143\322\126\376\156\005\123\125}{}% 6
\BOOKMARK [0][]{chapter.1}{\376\377\0001\000\040\000\040\127\372\116\216\201\352\215\363\215\303\136\070\137\256\122\006\145\271\172\013\177\121\176\334\166\204\217\336\176\355\145\366\225\364\215\363\123\330\174\373\176\337\136\372\152\041}{}% 7
\BOOKMARK [1][]{section.1.1}{\376\377\0001\000.\0001\000\040\122\115\177\156\135\345\117\134\123\312\225\356\230\230\137\142\137\017\123\026\143\317\217\360}{chapter.1}% 8
\BOOKMARK [1][]{section.1.2}{\376\377\0001\000.\0002\000\040\127\372\116\216\134\102\153\041\000O\000D\000E\000-\000N\000e\000t\152\041\127\213\166\204\131\015\147\102\174\373\176\337\172\063\133\232\123\312\227\136\172\063\133\232\217\223\121\372\155\367\124\010\230\204\155\113}{chapter.1}% 9
\BOOKMARK [1][]{section.1.3}{\376\377\0001\000.\0003\000\040\201\352\215\363\215\303\136\070\137\256\122\006\145\271\172\013\177\121\176\334}{chapter.1}% 10
\BOOKMARK [2][]{subsection.1.3.1}{\376\377\0001\000.\0003\000.\0001\000\040\162\266\140\001\133\232\116\111}{section.1.3}% 11
\BOOKMARK [2][]{subsection.1.3.2}{\376\377\0001\000.\0003\000.\0002\000\040\127\372\116\216\145\366\225\364\230\204\155\113\126\150\166\204\226\066\153\265\201\352\217\154\171\373}{section.1.3}% 12
\BOOKMARK [1][]{section.1.4}{\376\377\0001\000.\0004\000\040\127\372\116\216\177\026\170\001\126\150\211\343\170\001\126\150\176\323\147\204\166\204\137\256\122\006\145\271\172\013\177\121\176\334\122\035\120\074\117\060\213\241\116\016\136\217\122\027\230\204\155\113}{chapter.1}% 13
\BOOKMARK [1][]{section.1.5}{\376\377\0001\000.\0005\000\040\152\041\127\213\213\255\176\303}{chapter.1}% 14
\BOOKMARK [1][]{section.1.6}{\376\377\0001\000.\0006\000\040\124\150\147\037\140\047\122\066\121\267\174\373\176\337\230\204\155\113\116\377\167\037\123\312\174\373\176\337\117\030\123\026}{chapter.1}% 15
\BOOKMARK [2][]{subsection.1.6.1}{\376\377\0001\000.\0006\000.\0001\000\040\122\066\121\267\174\373\176\337\173\200\116\313}{section.1.6}% 16
\BOOKMARK [2][]{subsection.1.6.2}{\376\377\0001\000.\0006\000.\0002\000\040\145\160\143\156\230\204\131\004\164\006\377\032\171\273\145\143\136\217\122\027\143\322\123\312\226\066\153\265\150\007\154\350}{section.1.6}% 17
\BOOKMARK [2][]{subsection.1.6.3}{\376\377\0001\000.\0006\000.\0003\000\040\152\041\127\213\213\255\176\303}{section.1.6}% 18
\BOOKMARK [2][]{subsection.1.6.4}{\376\377\0001\000.\0006\000.\0004\000\040\136\224\165\050\170\024\172\166\0001\000:\000\040\217\320\210\114\123\330\221\317\116\377\167\037}{section.1.6}% 19
\BOOKMARK [2][]{subsection.1.6.5}{\376\377\0001\000.\0006\000.\0005\000\040\136\224\165\050\170\024\172\166\0002\000:\000\040\122\066\121\267\174\373\176\337\217\333\154\024\123\343\156\051\136\246\213\276\133\232\160\271\117\030\123\026}{section.1.6}% 20
\BOOKMARK [1][]{section.1.7}{\376\377\0001\000.\0007\000\040\147\054\172\340\134\017\176\323}{chapter.1}% 21
\BOOKMARK [0][]{section.1.7}{\376\377\123\302\200\003\145\207\163\056}{}% 22
